<?xml version="1.0" encoding="UTF-8"?>
<testng-results ignored="0" total="1" passed="1" failed="0" skipped="0">
  <reporter-output>
  </reporter-output>
  <suite started-at="2025-05-27T17:05:06 IST" name="Default suite" finished-at="2025-05-27T17:05:15 IST" duration-ms="9775">
    <groups>
    </groups>
    <test started-at="2025-05-27T17:05:06 IST" name="Default test" finished-at="2025-05-27T17:05:15 IST" duration-ms="9775">
      <class name="tests.FileUploadTest">
        <test-method is-config="true" signature="setup()[pri:0, instance:tests.FileUploadTest@5bda8e08]" started-at="2025-05-27T17:05:06 IST" name="setup" finished-at="2025-05-27T17:05:12 IST" duration-ms="5993" status="PASS">
          <reporter-output>
          </reporter-output>
        </test-method> <!-- setup -->
        <test-method signature="Singlefileuploading()[pri:0, instance:tests.FileUploadTest@5bda8e08]" started-at="2025-05-27T17:05:12 IST" name="Singlefileuploading" finished-at="2025-05-27T17:05:12 IST" duration-ms="324" status="PASS">
          <reporter-output>
          </reporter-output>
        </test-method> <!-- Singlefileuploading -->
        <test-method is-config="true" signature="teardown()[pri:0, instance:tests.FileUploadTest@5bda8e08]" started-at="2025-05-27T17:05:12 IST" name="teardown" finished-at="2025-05-27T17:05:15 IST" duration-ms="3415" status="PASS">
          <reporter-output>
          </reporter-output>
        </test-method> <!-- teardown -->
      </class> <!-- tests.FileUploadTest -->
    </test> <!-- Default test -->
  </suite> <!-- Default suite -->
</testng-results>
